<?xml version="1.0" encoding="UTF-8"?>
<testsuite name="org.eclipse.wst.xml.xpath2.processor.test.PsychoPathTestSuiteAdapter" tests="1" skipped="0" failures="1" errors="0" timestamp="2026-05-22T12:14:35.216Z" hostname="Mac" time="9.086">
  <properties/>
  <testcase name="runAllPsychoPathTests" classname="org.eclipse.wst.xml.xpath2.processor.test.PsychoPathTestSuiteAdapter" time="9.086">
    <failure message="java.lang.AssertionError: Ran 8272 tests: 18 failures, 0 errors.&#10;Failures:&#10;  - test_fn_doc_15(org.eclipse.wst.xml.xpath2.processor.testsuite.functions.SeqDocFuncTest): XPath Result Error /Queries/XQuery/Functions/NodeSeqFunc/SeqDocFunc/fn-doc-15.xq: expected:&lt;[0]&gt; but was:&lt;[FODC0002]&gt;&#10;  - test_fn_doc_16(org.eclipse.wst.xml.xpath2.processor.testsuite.functions.SeqDocFuncTest): XPath Result Error /Queries/XQuery/Functions/NodeSeqFunc/SeqDocFunc/fn-doc-16.xq: expected:&lt;[0]&gt; but was:&lt;[FODC0002]&gt;&#10;  - test_fn_doc_18(org.eclipse.wst.xml.xpath2.processor.testsuite.functions.SeqDocFuncTest): XPath Result Error /Queries/XQuery/Functions/NodeSeqFunc/SeqDocFunc/fn-doc-18.xq: expected:&lt;[false]&gt; but was:&lt;[FODC0002]&gt;&#10;  - test_fn_doc_19(org.eclipse.wst.xml.xpath2.processor.testsuite.functions.SeqDocFuncTest): XPath Result Error /Queries/XQuery/Functions/NodeSeqFunc/SeqDocFunc/fn-doc-19.xq: expected:&lt;[true]&gt; but was:&lt;[FODC0002]&gt;&#10;  - test_fn_doc_20(org.eclipse.wst.xml.xpath2.processor.testsuite.functions.SeqDocFuncTest): XPath Result Error /Queries/XQuery/Functions/NodeSeqFunc/SeqDocFunc/fn-doc-20.xq: expected:&lt;[false]&gt; but was:&lt;[FODC0002]&gt;&#10;  - test_fn_doc_21(org.eclipse.wst.xml.xpath2.processor.testsuite.functions.SeqDocFuncTest): XPath Result Error /Queries/XQuery/Functions/NodeSeqFunc/SeqDocFunc/fn-doc-21.xq: expected:&lt;[true]&gt; but was:&lt;[FODC0002]&gt;&#10;  - test_fn_doc_22(org.eclipse.wst.xml.xpath2.processor.testsuite.functions.SeqDocFuncTest): XPath Result Error /Queries/XQuery/Functions/NodeSeqFunc/SeqDocFunc/fn-doc-22.xq: expected:&lt;[true]&gt; but was:&lt;[FODC0002]&gt;&#10;  - test_fn_doc_5(org.eclipse.wst.xml.xpath2.processor.testsuite.functions.SeqDocFuncTest): XPath Result Error /Queries/XQuery/Functions/NodeSeqFunc/SeqDocFunc/fn-doc-5.xq: expected:&lt;[true]&gt; but was:&lt;[FODC0002]&gt;&#10;  - test_fn_doc_6(org.eclipse.wst.xml.xpath2.processor.testsuite.functions.SeqDocFuncTest): XPath Result Error /Queries/XQuery/Functions/NodeSeqFunc/SeqDocFunc/fn-doc-6.xq: expected:&lt;[false]&gt; but was:&lt;[FODC0002]&gt;&#10;  - test_fn_doc_7(org.eclipse.wst.xml.xpath2.processor.testsuite.functions.SeqDocFuncTest): XPath Result Error /Queries/XQuery/Functions/NodeSeqFunc/SeqDocFunc/fn-doc-7.xq: expected:&lt;[&lt;day&gt;Monday&lt;/day&gt;&lt;day&gt;Tuesday&lt;/day&gt;]&gt; but was:&lt;[FODC0002]&gt;&#10;  - test_caselessmatch14(org.eclipse.wst.xml.xpath2.processor.testsuite.functions.MatchesFuncTest): XPath Result Error /Queries/XQuery/Functions/AllStringFunc/MatchStringFunc/MatchesFunc/caselessmatch14.xq: expected:&lt;[fals]e&gt; but was:&lt;[tru]e&gt;&#10;  - test_caselessmatch15(org.eclipse.wst.xml.xpath2.processor.testsuite.functions.MatchesFuncTest): XPath Result Error /Queries/XQuery/Functions/AllStringFunc/MatchStringFunc/MatchesFunc/caselessmatch15.xq: expected:&lt;[tru]e&gt; but was:&lt;[fals]e&gt;&#10;  - test_fn_document_uri_12(org.eclipse.wst.xml.xpath2.processor.testsuite.functions.DocumentURIFuncTest): XPath Result Error /Queries/XQuery/Functions/AccessorFunc/DocumentURIFunc/fn-document-uri-12.xq: expected:&lt;[true]&gt; but was:&lt;[FODC0002]&gt;&#10;  - test_fn_document_uri_15(org.eclipse.wst.xml.xpath2.processor.testsuite.functions.DocumentURIFuncTest): XPath Result Error /Queries/XQuery/Functions/AccessorFunc/DocumentURIFunc/fn-document-uri-15.xq: expected:&lt;[4]&gt; but was:&lt;[FODC0002]&gt;&#10;  - test_fn_document_uri_16(org.eclipse.wst.xml.xpath2.processor.testsuite.functions.DocumentURIFuncTest): XPath Result Error /Queries/XQuery/Functions/AccessorFunc/DocumentURIFunc/fn-document-uri-16.xq: expected:&lt;[TRUE]&gt; but was:&lt;[FODC0002]&gt;&#10;  - test_fn_document_uri_17(org.eclipse.wst.xml.xpath2.processor.testsuite.functions.DocumentURIFuncTest): XPath Result Error /Queries/XQuery/Functions/AccessorFunc/DocumentURIFunc/fn-document-uri-17.xq: expected:&lt;[true]&gt; but was:&lt;[FODC0002]&gt;&#10;  - test_fn_document_uri_18(org.eclipse.wst.xml.xpath2.processor.testsuite.functions.DocumentURIFuncTest): XPath Result Error /Queries/XQuery/Functions/AccessorFunc/DocumentURIFunc/fn-document-uri-18.xq: expected:&lt;[true A String]&gt; but was:&lt;[FODC0002]&gt;&#10;  - test_fn_document_uri_19(org.eclipse.wst.xml.xpath2.processor.testsuite.functions.DocumentURIFuncTest): XPath Result Error /Queries/XQuery/Functions/AccessorFunc/DocumentURIFunc/fn-document-uri-19.xq: expected:&lt;[true A String]&gt; but was:&lt;[FODC0002]&gt;&#10;" type="java.lang.AssertionError">java.lang.AssertionError: Ran 8272 tests: 18 failures, 0 errors.
Failures:
  - test_fn_doc_15(org.eclipse.wst.xml.xpath2.processor.testsuite.functions.SeqDocFuncTest): XPath Result Error /Queries/XQuery/Functions/NodeSeqFunc/SeqDocFunc/fn-doc-15.xq: expected:&lt;[0]&gt; but was:&lt;[FODC0002]&gt;
  - test_fn_doc_16(org.eclipse.wst.xml.xpath2.processor.testsuite.functions.SeqDocFuncTest): XPath Result Error /Queries/XQuery/Functions/NodeSeqFunc/SeqDocFunc/fn-doc-16.xq: expected:&lt;[0]&gt; but was:&lt;[FODC0002]&gt;
  - test_fn_doc_18(org.eclipse.wst.xml.xpath2.processor.testsuite.functions.SeqDocFuncTest): XPath Result Error /Queries/XQuery/Functions/NodeSeqFunc/SeqDocFunc/fn-doc-18.xq: expected:&lt;[false]&gt; but was:&lt;[FODC0002]&gt;
  - test_fn_doc_19(org.eclipse.wst.xml.xpath2.processor.testsuite.functions.SeqDocFuncTest): XPath Result Error /Queries/XQuery/Functions/NodeSeqFunc/SeqDocFunc/fn-doc-19.xq: expected:&lt;[true]&gt; but was:&lt;[FODC0002]&gt;
  - test_fn_doc_20(org.eclipse.wst.xml.xpath2.processor.testsuite.functions.SeqDocFuncTest): XPath Result Error /Queries/XQuery/Functions/NodeSeqFunc/SeqDocFunc/fn-doc-20.xq: expected:&lt;[false]&gt; but was:&lt;[FODC0002]&gt;
  - test_fn_doc_21(org.eclipse.wst.xml.xpath2.processor.testsuite.functions.SeqDocFuncTest): XPath Result Error /Queries/XQuery/Functions/NodeSeqFunc/SeqDocFunc/fn-doc-21.xq: expected:&lt;[true]&gt; but was:&lt;[FODC0002]&gt;
  - test_fn_doc_22(org.eclipse.wst.xml.xpath2.processor.testsuite.functions.SeqDocFuncTest): XPath Result Error /Queries/XQuery/Functions/NodeSeqFunc/SeqDocFunc/fn-doc-22.xq: expected:&lt;[true]&gt; but was:&lt;[FODC0002]&gt;
  - test_fn_doc_5(org.eclipse.wst.xml.xpath2.processor.testsuite.functions.SeqDocFuncTest): XPath Result Error /Queries/XQuery/Functions/NodeSeqFunc/SeqDocFunc/fn-doc-5.xq: expected:&lt;[true]&gt; but was:&lt;[FODC0002]&gt;
  - test_fn_doc_6(org.eclipse.wst.xml.xpath2.processor.testsuite.functions.SeqDocFuncTest): XPath Result Error /Queries/XQuery/Functions/NodeSeqFunc/SeqDocFunc/fn-doc-6.xq: expected:&lt;[false]&gt; but was:&lt;[FODC0002]&gt;
  - test_fn_doc_7(org.eclipse.wst.xml.xpath2.processor.testsuite.functions.SeqDocFuncTest): XPath Result Error /Queries/XQuery/Functions/NodeSeqFunc/SeqDocFunc/fn-doc-7.xq: expected:&lt;[&lt;day&gt;Monday&lt;/day&gt;&lt;day&gt;Tuesday&lt;/day&gt;]&gt; but was:&lt;[FODC0002]&gt;
  - test_caselessmatch14(org.eclipse.wst.xml.xpath2.processor.testsuite.functions.MatchesFuncTest): XPath Result Error /Queries/XQuery/Functions/AllStringFunc/MatchStringFunc/MatchesFunc/caselessmatch14.xq: expected:&lt;[fals]e&gt; but was:&lt;[tru]e&gt;
  - test_caselessmatch15(org.eclipse.wst.xml.xpath2.processor.testsuite.functions.MatchesFuncTest): XPath Result Error /Queries/XQuery/Functions/AllStringFunc/MatchStringFunc/MatchesFunc/caselessmatch15.xq: expected:&lt;[tru]e&gt; but was:&lt;[fals]e&gt;
  - test_fn_document_uri_12(org.eclipse.wst.xml.xpath2.processor.testsuite.functions.DocumentURIFuncTest): XPath Result Error /Queries/XQuery/Functions/AccessorFunc/DocumentURIFunc/fn-document-uri-12.xq: expected:&lt;[true]&gt; but was:&lt;[FODC0002]&gt;
  - test_fn_document_uri_15(org.eclipse.wst.xml.xpath2.processor.testsuite.functions.DocumentURIFuncTest): XPath Result Error /Queries/XQuery/Functions/AccessorFunc/DocumentURIFunc/fn-document-uri-15.xq: expected:&lt;[4]&gt; but was:&lt;[FODC0002]&gt;
  - test_fn_document_uri_16(org.eclipse.wst.xml.xpath2.processor.testsuite.functions.DocumentURIFuncTest): XPath Result Error /Queries/XQuery/Functions/AccessorFunc/DocumentURIFunc/fn-document-uri-16.xq: expected:&lt;[TRUE]&gt; but was:&lt;[FODC0002]&gt;
  - test_fn_document_uri_17(org.eclipse.wst.xml.xpath2.processor.testsuite.functions.DocumentURIFuncTest): XPath Result Error /Queries/XQuery/Functions/AccessorFunc/DocumentURIFunc/fn-document-uri-17.xq: expected:&lt;[true]&gt; but was:&lt;[FODC0002]&gt;
  - test_fn_document_uri_18(org.eclipse.wst.xml.xpath2.processor.testsuite.functions.DocumentURIFuncTest): XPath Result Error /Queries/XQuery/Functions/AccessorFunc/DocumentURIFunc/fn-document-uri-18.xq: expected:&lt;[true A String]&gt; but was:&lt;[FODC0002]&gt;
  - test_fn_document_uri_19(org.eclipse.wst.xml.xpath2.processor.testsuite.functions.DocumentURIFuncTest): XPath Result Error /Queries/XQuery/Functions/AccessorFunc/DocumentURIFunc/fn-document-uri-19.xq: expected:&lt;[true A String]&gt; but was:&lt;[FODC0002]&gt;

	at org.eclipse.wst.xml.xpath2.processor.test.PsychoPathTestSuiteAdapter.runAllPsychoPathTests(PsychoPathTestSuiteAdapter.java:32)
	at java.base/java.lang.reflect.Method.invoke(Method.java:569)
</failure>
  </testcase>
  <system-out><![CDATA[The Value of concat($var,$var) is:  [1] xs:string:aaaa
The Value of concat($var,$var) is:  [1] xs:string:bbbb
The Value of concat($var,$var) is:  [1] xs:string:cccc
The Value of concat($var,$var) is:  [1] xs:string:dddd
The Value of concat($var,$var) is:  [1] xs:string:eeee
The Value of hours div/2 is:  [1] xs:double:20
The Value of hours div/2 is:  [1] xs:double:35
The Value of hours div/2 is:  [1] xs:double:10
The Value of hours div/2 is:  [1] xs:double:40
The Value of hours div/2 is:  [1] xs:double:10
The Value of hours div/2 is:  [1] xs:double:20
The Value of hours div/2 is:  [1] xs:double:10
The Value of hours div/2 is:  [1] xs:double:15
The Value of hours div/2 is:  [1] xs:double:6
The Value of hours div/2 is:  [1] xs:double:20
The Value of hours div/2 is:  [1] xs:double:40
The Value of hours div/2 is:  [1] xs:double:10
The Value of hours div/2 is:  [1] xs:double:10
The Value of hours div/2 is:  [1] xs:double:10
The Value of hours div/2 is:  [1] xs:double:20
The Value of hours div/2 is:  [1] xs:double:40
The Value of the given expression is:  [1] xs:double:80
The Value of the given expression is:  [2] xs:double:140
The Value of the given expression is:  [3] xs:double:40
The Value of the given expression is:  [4] xs:double:160
The Value of the given expression is:  [5] xs:double:40
The Value of the given expression is:  [6] xs:double:80
The Value of the given expression is:  [7] xs:double:40
The Value of the given expression is:  [8] xs:double:60
The Value of the given expression is:  [9] xs:double:24
The Value of the given expression is:  [10] xs:double:80
The Value of the given expression is:  [11] xs:double:160
The Value of the given expression is:  [12] xs:double:40
The Value of the given expression is:  [13] xs:double:40
The Value of the given expression is:  [14] xs:double:40
The Value of the given expression is:  [15] xs:double:80
The Value of the given expression is:  [16] xs:double:160
The Value of 'fn:avg((1,3,3,4,5)) * 2' is:  [1] xs:decimal:6.4
The Value of 'for $var in (1.1,2.2,3.3,4.4,5.5) return xs:float($var)' is:  [1] xs:integer:1
The Value of 'for $var in (1.1,2.2,3.3,4.4,5.5) return xs:float($var)' is:  [2] xs:integer:2
The Value of 'for $var in (1.1,2.2,3.3,4.4,5.5) return xs:float($var)' is:  [3] xs:integer:3
The Value of 'for $var in (1.1,2.2,3.3,4.4,5.5) return xs:float($var)' is:  [4] xs:integer:4
The Value of 'for $var in (1.1,2.2,3.3,4.4,5.5) return xs:float($var)' is:  [5] xs:integer:5
The value of '2 + 2' is: [1] xs:integer:4
The Value of 'fn:trace(2+2)' is:  [1] xs:integer:4
The Value of 'fn:count(1,2,-3,-4,5)) * 2' is:  [1] xs:integer:10
The value of 'for $var in (fn:true(),fn:false(),fn:true() return $var and fn:true()' is: [1] xs:boolean:true
The value of 'for $var in (fn:true(),fn:false(),fn:true() return $var and fn:true()' is: [2] xs:boolean:false
The value of 'for $var in (fn:true(),fn:false(),fn:true() return $var and fn:true()' is: [3] xs:boolean:true
The value of 'for $var in (fn:true(),fn:false(),fn:true() return $var or fn:true()' is: [1] xs:boolean:true
The value of 'for $var in (fn:true(),fn:false(),fn:true() return $var or fn:true()' is: [2] xs:boolean:true
The value of 'for $var in (fn:true(),fn:false(),fn:true() return $var or fn:true()' is: [3] xs:boolean:true
The value of the zero length string is: [1] xs:string:
The value of the complex expression on the other argument is: [1] xs:string:a
The value of the complex expression on the other argument is: [2] xs:string:A
The value of the complex expression on the other argument is: [3] xs:string:b
The value of the complex expression on the other argument is: [4] xs:string:B
The Value of $var is:  [1] xs:integer:123
The Value of $var + 1 is:  [1] xs:integer:2
The Value of $var + 1 is:  [1] xs:integer:3
The Value of $var + 1 is:  [1] xs:integer:4
The Value of $var + 1 is:  [1] xs:integer:5
The Value of $var + 1 is:  [1] xs:integer:6
The Value of $var - 1 is:  [1] xs:integer:1
The Value of $var - 1 is:  [1] xs:integer:2
The Value of $var - 1 is:  [1] xs:integer:3
The Value of $var - 1 is:  [1] xs:integer:4
The Value of $var * 2 is:  [1] xs:integer:4
The Value of $var * 2 is:  [1] xs:integer:6
The Value of $var * 2 is:  [1] xs:integer:8
The Value of $var * 2 is:  [1] xs:integer:10
The Value of $var div 2 is:  [1] xs:decimal:1
The Value of $var div 2 is:  [1] xs:decimal:2
The Value of $var div 2 is:  [1] xs:decimal:3
The Value of $var div 2 is:  [1] xs:decimal:4
The Value of $var idiv 2 is:  [1] xs:integer:1
The Value of $var idiv 2 is:  [1] xs:integer:2
The Value of $var idiv 2 is:  [1] xs:integer:3
The Value of $var idiv 2 is:  [1] xs:integer:4
The Value of $var mod 2 is:  [1] xs:integer:0
The Value of $var mod 2 is:  [1] xs:integer:0
The Value of $var mod 2 is:  [1] xs:integer:0
The Value of $var mod 2 is:  [1] xs:integer:0
The Value of $var 1 + $var2 is:  [1] xs:integer:-1
The Value of $var 1 + $var2 is:  [1] xs:integer:-5
The Value of $var 1 + $var2 is:  [1] xs:integer:-9
The Value of $var 1 + $var2 is:  [1] xs:integer:-13
]]></system-out>
  <system-err><![CDATA[[Error] :2:7: cvc-elt.1.a: Cannot find the declaration of element 'doc'.
[Error] :2:7: cvc-elt.1.a: Cannot find the declaration of element 'doc'.
[Error] :2:7: cvc-elt.1.a: Cannot find the declaration of element 'doc'.
[Error] :2:7: cvc-elt.1.a: Cannot find the declaration of element 'doc'.
[Error] :2:7: cvc-elt.1.a: Cannot find the declaration of element 'doc'.
[Error] :2:7: cvc-elt.1.a: Cannot find the declaration of element 'doc'.
[Error] :3:55: cvc-elt.1.a: Cannot find the declaration of element 'atomic:root'.
[Error] :3:55: cvc-elt.1.a: Cannot find the declaration of element 'atomic:root'.
[Error] :2:7: cvc-elt.1.a: Cannot find the declaration of element 'doc'.
[Error] :2:7: cvc-elt.1.a: Cannot find the declaration of element 'doc'.
[Error] :2:7: cvc-elt.1.a: Cannot find the declaration of element 'doc'.
[Error] :2:7: cvc-elt.1.a: Cannot find the declaration of element 'doc'.
[Error] :2:7: cvc-elt.1.a: Cannot find the declaration of element 'doc'.
[Error] :2:7: cvc-elt.1.a: Cannot find the declaration of element 'doc'.
[Error] :2:7: cvc-elt.1.a: Cannot find the declaration of element 'doc'.
[Error] :2:7: cvc-elt.1.a: Cannot find the declaration of element 'doc'.
[Error] :2:7: cvc-elt.1.a: Cannot find the declaration of element 'doc'.
[Error] :2:7: cvc-elt.1.a: Cannot find the declaration of element 'doc'.
[Error] :2:7: cvc-elt.1.a: Cannot find the declaration of element 'doc'.
[Error] :2:7: cvc-elt.1.a: Cannot find the declaration of element 'doc'.
[Error] :2:62: cvc-elt.1.a: Cannot find the declaration of element 'E6-Root'.
]]></system-err>
</testsuite>
